<?xml version="1.0" encoding="UTF-8"?>
<!-- Generated by org.testng.reporters.JUnitReportReporter -->
<testsuite skipped="0" hostname="Maxo" name="findingElements.FindByElements" tests="1" failures="0" timestamp="2021-01-06T19:44:21 EET" time="1.651" errors="0">
  <testcase name="findElements" time="1.651" classname="findingElements.FindByElements"/>
  <system-out/>
</testsuite> <!-- findingElements.FindByElements -->
