<?xml version="1.0" encoding="UTF-8"?>
<!-- Generated by org.testng.reporters.JUnitReportReporter -->
<testsuite skipped="0" hostname="Maxo" name="workingWithElements.MultipleWindows" tests="2" failures="0" timestamp="2021-01-08T14:08:54 EET" time="4.971" errors="0">
  <testcase name="testWindowUsingName" time="2.624" classname="workingWithElements.MultipleWindows"/>
  <system-out/>
  <testcase name="testWindowUsingName2" time="2.347" classname="workingWithElements.MultipleWindows"/>
  <system-out/>
</testsuite> <!-- workingWithElements.MultipleWindows -->
