<?xml version="1.0" encoding="UTF-8"?>
<!-- Generated by org.testng.reporters.JUnitReportReporter -->
<testsuite skipped="0" hostname="Maxo" name="workingWithElements.DropDownList" tests="1" failures="0" timestamp="2021-01-06T19:59:31 EET" time="5.073" errors="0">
  <testcase name="dropDownTest" time="5.073" classname="workingWithElements.DropDownList"/>
  <system-out/>
</testsuite> <!-- workingWithElements.DropDownList -->
