<?xml version="1.0" encoding="UTF-8"?>
<!-- Generated by org.testng.reporters.JUnitReportReporter -->
<testsuite skipped="0" hostname="Maxo" name="screenShotAndBrokenLinks.checkBrokenLinksHTTP" tests="1" failures="0" timestamp="2021-01-14T15:01:04 EET" time="63.799" errors="0">
  <testcase name="testBrokenLinks" time="63.799" classname="screenShotAndBrokenLinks.checkBrokenLinksHTTP"/>
  <system-out/>
</testsuite> <!-- screenShotAndBrokenLinks.checkBrokenLinksHTTP -->
