<?xml version="1.0" encoding="UTF-8"?>
<!-- Generated by org.testng.reporters.JUnitReportReporter -->
<testsuite skipped="0" hostname="Maxo" name="waits.Implicit" tests="1" failures="0" timestamp="2021-01-13T15:05:46 EET" time="0.452" errors="0">
  <testcase name="testImplicitWait" time="0.452" classname="waits.Implicit"/>
  <system-out/>
</testsuite> <!-- waits.Implicit -->
