<?xml version="1.0" encoding="UTF-8"?>
<!-- Generated by org.testng.reporters.JUnitReportReporter -->
<testsuite skipped="0" hostname="Maxo" name="uploadAndDoanloadFile.UploadFile" tests="1" failures="0" timestamp="2021-01-15T15:50:01 EET" time="1.064" errors="0">
  <testcase name="uploadFile" time="1.064" classname="uploadAndDoanloadFile.UploadFile"/>
  <system-out/>
</testsuite> <!-- uploadAndDoanloadFile.UploadFile -->
