<?xml version="1.0" encoding="UTF-8"?>
<!-- Generated by org.testng.reporters.JUnitReportReporter -->
<testsuite skipped="0" hostname="Maxo" name="workingWithElements.IsElementPresent" tests="1" failures="0" timestamp="2021-01-06T20:49:19 EET" time="0.205" errors="0">
  <testcase name="testIsElementPresent" time="0.205" classname="workingWithElements.IsElementPresent"/>
  <system-out/>
</testsuite> <!-- workingWithElements.IsElementPresent -->
