<?xml version="1.0" encoding="UTF-8"?>
<!-- Generated by org.testng.reporters.JUnitReportReporter -->
<testsuite skipped="0" hostname="Maxo" name="javaScriptExecuter.JavaScriptCalls" tests="1" failures="0" timestamp="2021-01-10T14:11:00 EET" time="0.068" errors="0">
  <testcase name="testJavaScript" time="0.068" classname="javaScriptExecuter.JavaScriptCalls"/>
  <system-out/>
</testsuite> <!-- javaScriptExecuter.JavaScriptCalls -->
