<?xml version="1.0" encoding="UTF-8"?>
<!-- Generated by org.testng.reporters.JUnitReportReporter -->
<testsuite skipped="0" hostname="Maxo" name="workingWithElements.SubmitMethod" tests="1" failures="0" timestamp="2020-11-14T05:20:53 EET" time="12.104" errors="0">
  <testcase name="testSumbit" time="12.104" classname="workingWithElements.SubmitMethod"/>
  <system-out/>
</testsuite> <!-- workingWithElements.SubmitMethod -->
