<?xml version="1.0" encoding="UTF-8"?>
<!-- Generated by org.testng.reporters.JUnitReportReporter -->
<testsuite skipped="0" hostname="Maxo" name="workingWithElements.TextBoxAndButton" tests="1" failures="0" timestamp="2021-01-06T19:54:45 EET" time="2.623" errors="0">
  <testcase name="testLogin" time="2.623" classname="workingWithElements.TextBoxAndButton"/>
  <system-out/>
</testsuite> <!-- workingWithElements.TextBoxAndButton -->
