<?xml version="1.0" encoding="UTF-8"?>
<!-- Generated by org.testng.reporters.JUnitReportReporter -->
<testsuite skipped="0" hostname="Maxo" name="workingWithElements.CookiesHandle" tests="1" failures="0" timestamp="2021-01-08T14:24:23 EET" time="1.761" errors="0">
  <testcase name="testCookies" time="1.761" classname="workingWithElements.CookiesHandle"/>
  <system-out/>
</testsuite> <!-- workingWithElements.CookiesHandle -->
