<?xml version="1.0" encoding="UTF-8"?>
<!-- Generated by org.testng.reporters.JUnitReportReporter -->
<testsuite skipped="0" hostname="Maxo" name="findingElements.FindElementByClass" tests="1" failures="0" timestamp="2021-01-06T19:36:14 EET" time="0.170" errors="0">
  <testcase name="findElementByClass" time="0.170" classname="findingElements.FindElementByClass"/>
  <system-out/>
</testsuite> <!-- findingElements.FindElementByClass -->
