<?xml version="1.0" encoding="UTF-8"?>
<!-- Generated by org.testng.reporters.JUnitReportReporter -->
<testsuite skipped="0" hostname="Maxo" name="workingWithElements.ContextMenu" tests="1" failures="0" timestamp="2021-01-10T14:43:15 EET" time="0.518" errors="0">
  <testcase name="testContextMenu" time="0.518" classname="workingWithElements.ContextMenu"/>
  <system-out/>
</testsuite> <!-- workingWithElements.ContextMenu -->
