<?xml version="1.0" encoding="UTF-8"?>
<!-- Generated by org.testng.reporters.JUnitReportReporter -->
<testsuite skipped="0" hostname="Maxo" name="findingElements.FindElementByID" tests="1" failures="0" timestamp="2020-11-10T04:38:52 EET" time="0.075" errors="0">
  <testcase name="findElementById" time="0.075" classname="findingElements.FindElementByID"/>
  <system-out/>
</testsuite> <!-- findingElements.FindElementByID -->
