<?xml version="1.0" encoding="UTF-8"?>
<!-- Generated by org.testng.reporters.JUnitReportReporter -->
<testsuite skipped="0" hostname="Maxo" name="javaScriptExecuter.ScrollToBtton" tests="1" failures="0" timestamp="2021-01-10T14:26:08 EET" time="0.215" errors="0">
  <testcase name="testScrollToButton" time="0.215" classname="javaScriptExecuter.ScrollToBtton"/>
  <system-out/>
</testsuite> <!-- javaScriptExecuter.ScrollToBtton -->
