<?xml version="1.0" encoding="UTF-8"?>
<!-- Generated by org.testng.reporters.JUnitReportReporter -->
<testsuite skipped="0" hostname="Maxo" name="workingWithElements.Checkbox" tests="1" failures="0" timestamp="2021-01-06T20:03:49 EET" time="4.491" errors="0">
  <testcase name="testCheckBox" time="4.491" classname="workingWithElements.Checkbox"/>
  <system-out/>
</testsuite> <!-- workingWithElements.Checkbox -->
