<?xml version="1.0" encoding="UTF-8"?>
<!-- Generated by org.testng.reporters.JUnitReportReporter -->
<testsuite skipped="0" hostname="Maxo" name="workingWithElements.DragDropActions" tests="1" failures="0" timestamp="2021-01-08T01:34:10 EET" time="0.461" errors="0">
  <testcase name="DragDropTest" time="0.461" classname="workingWithElements.DragDropActions"/>
  <system-out/>
</testsuite> <!-- workingWithElements.DragDropActions -->
