<?xml version="1.0" encoding="UTF-8"?>
<!-- Generated by org.testng.reporters.JUnitReportReporter -->
<testsuite skipped="0" hostname="Maxo" name="waits.Explicit" tests="1" failures="0" timestamp="2021-01-13T15:13:12 EET" time="11.376" errors="0">
  <testcase name="testExplicitWait" time="11.376" classname="waits.Explicit"/>
  <system-out/>
</testsuite> <!-- waits.Explicit -->
