<?xml version="1.0" encoding="UTF-8"?>
<!-- Generated by org.testng.reporters.JUnitReportReporter -->
<testsuite skipped="0" hostname="Maxo" name="findingElements.TestBrowserCommands" tests="1" failures="0" timestamp="2021-01-06T19:50:21 EET" time="106.418" errors="0">
  <testcase name="testBrowserCommands" time="106.418" classname="findingElements.TestBrowserCommands"/>
  <system-out/>
</testsuite> <!-- findingElements.TestBrowserCommands -->
