<?xml version="1.0" encoding="UTF-8"?>
<!-- Generated by org.testng.reporters.JUnitReportReporter -->
<testsuite skipped="0" hostname="Maxo" name="findingElements.FindElementByXPath" tests="1" failures="0" timestamp="2020-11-11T21:06:53 EET" time="0.089" errors="0">
  <testcase name="findElementByXpath" time="0.089" classname="findingElements.FindElementByXPath"/>
  <system-out/>
</testsuite> <!-- findingElements.FindElementByXPath -->
