<?xml version="1.0" encoding="UTF-8"?>
<!-- Generated by org.testng.reporters.JUnitReportReporter -->
<testsuite skipped="0" hostname="Maxo" name="findingElements.FindElementByName" tests="2" failures="0" timestamp="2021-01-06T19:29:43 EET" time="0.154" errors="0">
  <testcase name="TryCatchElementByWrongName" time="0.076" classname="findingElements.FindElementByName"/>
  <system-out/>
  <testcase name="findElementByName" time="0.078" classname="findingElements.FindElementByName"/>
  <system-out/>
</testsuite> <!-- findingElements.FindElementByName -->
