<?xml version="1.0" encoding="UTF-8"?>
<!-- Generated by org.testng.reporters.JUnitReportReporter -->
<testsuite skipped="0" hostname="Maxo" name="workingWithElements.WebTables" tests="1" failures="0" timestamp="2021-01-06T20:08:25 EET" time="0.848" errors="0">
  <testcase name="testWebTable" time="0.848" classname="workingWithElements.WebTables"/>
  <system-out/>
</testsuite> <!-- workingWithElements.WebTables -->
