<?xml version="1.0" encoding="UTF-8"?>
<!-- Generated by org.testng.reporters.JUnitReportReporter -->
<testsuite skipped="0" hostname="Maxo" name="waits.Test" tests="1" failures="0" timestamp="2021-04-03T19:12:33 EET" time="2.147" errors="0">
  <testcase name="findElementById" time="2.147" classname="waits.Test"/>
  <system-out/>
</testsuite> <!-- waits.Test -->
