<?xml version="1.0" encoding="UTF-8"?>
<!-- Generated by org.testng.reporters.JUnitReportReporter -->
<testsuite skipped="0" hostname="Maxo" name="findingElements.FindElementByLinkText" tests="2" failures="0" timestamp="2021-01-06T19:46:46 EET" time="0.256" errors="0">
  <testcase name="findElementByPartialText" time="0.088" classname="findingElements.FindElementByLinkText"/>
  <system-out/>
  <testcase name="findElementByLinkText" time="0.168" classname="findingElements.FindElementByLinkText"/>
  <system-out/>
</testsuite> <!-- findingElements.FindElementByLinkText -->
