<?xml version="1.0" encoding="UTF-8"?>
<!-- Generated by org.testng.reporters.JUnitReportReporter -->
<testsuite skipped="0" hostname="Maxo" name="findingElements.FindElementByCssSelector" tests="1" failures="0" timestamp="2021-01-06T19:43:05 EET" time="0.241" errors="0">
  <testcase name="findElementByCssSelector" time="0.241" classname="findingElements.FindElementByCssSelector"/>
  <system-out/>
</testsuite> <!-- findingElements.FindElementByCssSelector -->
