<?xml version="1.0" encoding="UTF-8"?>
<!-- Generated by org.testng.reporters.JUnitReportReporter -->
<testsuite skipped="0" hostname="Maxo" name="workingWithElements.FrameTest" tests="1" failures="0" timestamp="2021-01-10T13:43:13 EET" time="0.438" errors="0">
  <testcase name="testFrameExample" time="0.438" classname="workingWithElements.FrameTest"/>
  <system-out/>
</testsuite> <!-- workingWithElements.FrameTest -->
