<?xml version="1.0" encoding="UTF-8"?>
<!-- Generated by org.testng.reporters.JUnitReportReporter -->
<testsuite skipped="0" hostname="Maxo" name="findingElements.FinElementByTagName" tests="2" failures="0" timestamp="2020-11-11T20:42:03 EET" time="2.433" errors="0">
  <testcase name="findElementByTagName" time="0.054" classname="findingElements.FinElementByTagName"/>
  <system-out/>
  <testcase name="findTableByTagName" time="2.379" classname="findingElements.FinElementByTagName"/>
  <system-out/>
</testsuite> <!-- findingElements.FinElementByTagName -->
