<?xml version="1.0" encoding="UTF-8"?>
<!-- Generated by org.testng.reporters.JUnitReportReporter -->
<testsuite skipped="0" hostname="Maxo" name="workingWithElements.DoubleClickWithActions" tests="1" failures="0" timestamp="2021-01-08T01:24:48 EET" time="3.254" errors="0">
  <testcase name="doubleClick" time="3.254" classname="workingWithElements.DoubleClickWithActions"/>
  <system-out/>
</testsuite> <!-- workingWithElements.DoubleClickWithActions -->
