<?xml version="1.0" encoding="UTF-8"?>
<!-- Generated by org.testng.reporters.JUnitReportReporter -->
<testsuite skipped="0" hostname="Maxo" name="waits.Fluent" tests="1" failures="0" timestamp="2021-01-13T15:37:23 EET" time="2.295" errors="0">
  <testcase name="testFluentWait" time="2.295" classname="waits.Fluent"/>
  <system-out/>
</testsuite> <!-- waits.Fluent -->
